2023-02-26 11:52:12.676 
[ {
  "sha" : "a662af19fbafc3cab57bbd7af04f940b79bc22e9",
  "node_id" : "C_kwDOGy8rXdoAKGE2NjJhZjE5ZmJhZmMzY2FiNTdiYmQ3YWYwNGY5NDBiNzliYzIyZTk",
  "commit" : {
    "author" : {
      "name" : "Aaryan-Thakur",
      "email" : "aaryan3120@gmail.com",
      "date" : "2022-08-05T14:36:54Z"
    },
    "committer" : {
      "name" : "Aaryan-Thakur",
      "email" : "aaryan3120@gmail.com",
      "date" : "2022-08-05T14:36:54Z"
    },
    "message" : "github logo fix",
    "tree" : {
      "sha" : "2a4c03baf9ee37e5e27c77afcd006a3b52fef465",
      "url" : "https://api.github.com/repos/Aaryan-Thakur/Apex-Pros/git/trees/2a4c03baf9ee37e5e27c77afcd006a3b52fef465"
    },
    "url" : "https://api.github.com/repos/Aaryan-Thakur/Apex-Pros/git/commits/a662af19fbafc3cab57bbd7af04f940b79bc22e9",
    "comment_count" : 0,
    "verification" : {
      "verified" : false,
      "reason" : "unsigned",
      "signature" : null,
      "payload" : null
    }
  },
  "url" : "https://api.github.com/repos/Aaryan-Thakur/Apex-Pros/commits/a662af19fbafc3cab57bbd7af04f940b79bc22e9",
  "html_url" : "https://github.com/Aaryan-Thakur/Apex-Pros/commit/a662af19fbafc3cab57bbd7af04f940b79bc22e9",
  "comments_url" : "https://api.github.com/repos/Aaryan-Thakur/Apex-Pros/commits/a662af19fbafc3cab57bbd7af04f940b79bc22e9/comments",
  "author" : {
    "login" : "Aaryan-Thakur",
    "id" : 49814390,
    "node_id" : "MDQ6VXNlcjQ5ODE0Mzkw",
    "avatar_url" : "https://avatars.githubusercontent.com/u/49814390?v=4",
    "gravatar_id" : "",
    "url" : "https://api.github.com/users/Aaryan-Thakur",
    "html_url" : "https://github.com/Aaryan-Thakur",
    "followers_url" : "https://api.github.com/users/Aaryan-Thakur/followers",
    "following_url" : "https://api.github.com/users/Aaryan-Thakur/following{/other_user}",
    "gists_url" : "https://api.github.com/users/Aaryan-Thakur/gists{/gist_id}",
    "starred_url" : "https://api.github.com/users/Aaryan-Thakur/starred{/owner}{/repo}",
    "subscriptions_url" : "https://api.github.com/users/Aaryan-Thakur/subscriptions",
    "organizations_url" : "https://api.github.com/users/Aaryan-Thakur/orgs",
    "repos_url" : "https://api.github.com/users/Aaryan-Thakur/repos",
    "events_url" : "https://api.github.com/users/Aaryan-Thakur/events{/privacy}",
    "received_events_url" : "https://api.github.com/users/Aaryan-Thakur/received_events",
    "type" : "User",
    "site_admin" : false
  },
  "committer" : {
    "login" : "Aaryan-Thakur",
    "id" : 49814390,
    "node_id" : "MDQ6VXNlcjQ5ODE0Mzkw",
    "avatar_url" : "https://avatars.githubusercontent.com/u/49814390?v=4",
    "gravatar_id" : "",
    "url" : "https://api.github.com/users/Aaryan-Thakur",
    "html_url" : "https://github.com/Aaryan-Thakur",
    "followers_url" : "https://api.github.com/users/Aaryan-Thakur/followers",
    "following_url" : "https://api.github.com/users/Aaryan-Thakur/following{/other_user}",
    "gists_url" : "https://api.github.com/users/Aaryan-Thakur/gists{/gist_id}",
    "starred_url" : "https://api.github.com/users/Aaryan-Thakur/starred{/owner}{/repo}",
    "subscriptions_url" : "https://api.github.com/users/Aaryan-Thakur/subscriptions",
    "organizations_url" : "https://api.github.com/users/Aaryan-Thakur/orgs",
    "repos_url" : "https://api.github.com/users/Aaryan-Thakur/repos",
    "events_url" : "https://api.github.com/users/Aaryan-Thakur/events{/privacy}",
    "received_events_url" : "https://api.github.com/users/Aaryan-Thakur/received_events",
    "type" : "User",
    "site_admin" : false
  },
  "parents" : [ {
    "sha" : "12e970570614491b7f939ecc97fa59af0d1145d5",
    "url" : "https://api.github.com/repos/Aaryan-Thakur/Apex-Pros/commits/12e970570614491b7f939ecc97fa59af0d1145d5",
    "html_url" : "https://github.com/Aaryan-Thakur/Apex-Pros/commit/12e970570614491b7f939ecc97fa59af0d1145d5"
  } ]
}, {
  "sha" : "12e970570614491b7f939ecc97fa59af0d1145d5",
  "node_id" : "C_kwDOGy8rXdoAKDEyZTk3MDU3MDYxNDQ5MWI3ZjkzOWVjYzk3ZmE1OWFmMGQxMTQ1ZDU",
  "commit" : {
    "author" : {
      "name" : "unknown",
      "email" : "aaryan3120@gmail.com",
      "date" : "2022-02-06T08:32:58Z"
    },
    "committer" : {
      "name" : "unknown",
      "email" : "aaryan3120@gmail.com",
      "date" : "2022-02-06T08:32:58Z"
    },
    "message" : "changed footer links",
    "tree" : {
      "sha" : "68629a17c4c959b6ad2e3b858910021d69104832",
      "url" : "https://api.github.com/repos/Aaryan-Thakur/Apex-Pros/git/trees/68629a17c4c959b6ad2e3b858910021d69104832"
    },
    "url" : "https://api.github.com/repos/Aaryan-Thakur/Apex-Pros/git/commits/12e970570614491b7f939ecc97fa59af0d1145d5",
    "comment_count" : 0,
    "verification" : {
      "verified" : false,
      "reason" : "unsigned",
      "signature" : null,
      "payload" : null
    }
  },
  "url" : "https://api.github.com/repos/Aaryan-Thakur/Apex-Pros/commits/12e970570614491b7f939ecc97fa59af0d1145d5",
  "html_url" : "https://github.com/Aaryan-Thakur/Apex-Pros/commit/12e970570614491b7f939ecc97fa59af0d1145d5",
  "comments_url" : "https://api.github.com/repos/Aaryan-Thakur/Apex-Pros/commits/12e970570614491b7f939ecc97fa59af0d1145d5/comments",
  "author" : {
    "login" : "Aaryan-Thakur",
    "id" : 49814390,
    "node_id" : "MDQ6VXNlcjQ5ODE0Mzkw",
    "avatar_url" : "https://avatars.githubusercontent.com/u/49814390?v=4",
    "gravatar_id" : "",
    "url" : "https://api.github.com/users/Aaryan-Thakur",
    "html_url" : "https://github.com/Aaryan-Thakur",
    "followers_url" : "https://api.github.com/users/Aaryan-Thakur/followers",
    "following_url" : "https://api.github.com/users/Aaryan-Thakur/following{/other_user}",
    "gists_url" : "https://api.github.com/users/Aaryan-Thakur/gists{/gist_id}",
    "starred_url" : "https://api.github.com/users/Aaryan-Thakur/starred{/owner}{/repo}",
    "subscriptions_url" : "https://api.github.com/users/Aaryan-Thakur/subscriptions",
    "organizations_url" : "https://api.github.com/users/Aaryan-Thakur/orgs",
    "repos_url" : "https://api.github.com/users/Aaryan-Thakur/repos",
    "events_url" : "https://api.github.com/users/Aaryan-Thakur/events{/privacy}",
    "received_events_url" : "https://api.github.com/users/Aaryan-Thakur/received_events",
    "type" : "User",
    "site_admin" : false
  },
  "committer" : {
    "login" : "Aaryan-Thakur",
    "id" : 49814390,
    "node_id" : "MDQ6VXNlcjQ5ODE0Mzkw",
    "avatar_url" : "https://avatars.githubusercontent.com/u/49814390?v=4",
    "gravatar_id" : "",
    "url" : "https://api.github.com/users/Aaryan-Thakur",
    "html_url" : "https://github.com/Aaryan-Thakur",
    "followers_url" : "https://api.github.com/users/Aaryan-Thakur/followers",
    "following_url" : "https://api.github.com/users/Aaryan-Thakur/following{/other_user}",
    "gists_url" : "https://api.github.com/users/Aaryan-Thakur/gists{/gist_id}",
    "starred_url" : "https://api.github.com/users/Aaryan-Thakur/starred{/owner}{/repo}",
    "subscriptions_url" : "https://api.github.com/users/Aaryan-Thakur/subscriptions",
    "organizations_url" : "https://api.github.com/users/Aaryan-Thakur/orgs",
    "repos_url" : "https://api.github.com/users/Aaryan-Thakur/repos",
    "events_url" : "https://api.github.com/users/Aaryan-Thakur/events{/privacy}",
    "received_events_url" : "https://api.github.com/users/Aaryan-Thakur/received_events",
    "type" : "User",
    "site_admin" : false
  },
  "parents" : [ {
    "sha" : "c891237a0921d4785b6e37a570a5323fdeb98525",
    "url" : "https://api.github.com/repos/Aaryan-Thakur/Apex-Pros/commits/c891237a0921d4785b6e37a570a5323fdeb98525",
    "html_url" : "https://github.com/Aaryan-Thakur/Apex-Pros/commit/c891237a0921d4785b6e37a570a5323fdeb98525"
  } ]
}, {
  "sha" : "c891237a0921d4785b6e37a570a5323fdeb98525",
  "node_id" : "C_kwDOGy8rXdoAKGM4OTEyMzdhMDkyMWQ0Nzg1YjZlMzdhNTcwYTUzMjNmZGViOTg1MjU",
  "commit" : {
    "author" : {
      "name" : "unknown",
      "email" : "aaryan3120@gmail.com",
      "date" : "2022-02-06T07:35:36Z"
    },
    "committer" : {
      "name" : "unknown",
      "email" : "aaryan3120@gmail.com",
      "date" : "2022-02-06T07:35:36Z"
    },
    "message" : "adding project files",
    "tree" : {
      "sha" : "3faed288a794b50fa1ef69cbc0cd3e20f4976a0f",
      "url" : "https://api.github.com/repos/Aaryan-Thakur/Apex-Pros/git/trees/3faed288a794b50fa1ef69cbc0cd3e20f4976a0f"
    },
    "url" : "https://api.github.com/repos/Aaryan-Thakur/Apex-Pros/git/commits/c891237a0921d4785b6e37a570a5323fdeb98525",
    "comment_count" : 0,
    "verification" : {
      "verified" : false,
      "reason" : "unsigned",
      "signature" : null,
      "payload" : null
    }
  },
  "url" : "https://api.github.com/repos/Aaryan-Thakur/Apex-Pros/commits/c891237a0921d4785b6e37a570a5323fdeb98525",
  "html_url" : "https://github.com/Aaryan-Thakur/Apex-Pros/commit/c891237a0921d4785b6e37a570a5323fdeb98525",
  "comments_url" : "https://api.github.com/repos/Aaryan-Thakur/Apex-Pros/commits/c891237a0921d4785b6e37a570a5323fdeb98525/comments",
  "author" : {
    "login" : "Aaryan-Thakur",
    "id" : 49814390,
    "node_id" : "MDQ6VXNlcjQ5ODE0Mzkw",
    "avatar_url" : "https://avatars.githubusercontent.com/u/49814390?v=4",
    "gravatar_id" : "",
    "url" : "https://api.github.com/users/Aaryan-Thakur",
    "html_url" : "https://github.com/Aaryan-Thakur",
    "followers_url" : "https://api.github.com/users/Aaryan-Thakur/followers",
    "following_url" : "https://api.github.com/users/Aaryan-Thakur/following{/other_user}",
    "gists_url" : "https://api.github.com/users/Aaryan-Thakur/gists{/gist_id}",
    "starred_url" : "https://api.github.com/users/Aaryan-Thakur/starred{/owner}{/repo}",
    "subscriptions_url" : "https://api.github.com/users/Aaryan-Thakur/subscriptions",
    "organizations_url" : "https://api.github.com/users/Aaryan-Thakur/orgs",
    "repos_url" : "https://api.github.com/users/Aaryan-Thakur/repos",
    "events_url" : "https://api.github.com/users/Aaryan-Thakur/events{/privacy}",
    "received_events_url" : "https://api.github.com/users/Aaryan-Thakur/received_events",
    "type" : "User",
    "site_admin" : false
  },
  "committer" : {
    "login" : "Aaryan-Thakur",
    "id" : 49814390,
    "node_id" : "MDQ6VXNlcjQ5ODE0Mzkw",
    "avatar_url" : "https://avatars.githubusercontent.com/u/49814390?v=4",
    "gravatar_id" : "",
    "url" : "https://api.github.com/users/Aaryan-Thakur",
    "html_url" : "https://github.com/Aaryan-Thakur",
    "followers_url" : "https://api.github.com/users/Aaryan-Thakur/followers",
    "following_url" : "https://api.github.com/users/Aaryan-Thakur/following{/other_user}",
    "gists_url" : "https://api.github.com/users/Aaryan-Thakur/gists{/gist_id}",
    "starred_url" : "https://api.github.com/users/Aaryan-Thakur/starred{/owner}{/repo}",
    "subscriptions_url" : "https://api.github.com/users/Aaryan-Thakur/subscriptions",
    "organizations_url" : "https://api.github.com/users/Aaryan-Thakur/orgs",
    "repos_url" : "https://api.github.com/users/Aaryan-Thakur/repos",
    "events_url" : "https://api.github.com/users/Aaryan-Thakur/events{/privacy}",
    "received_events_url" : "https://api.github.com/users/Aaryan-Thakur/received_events",
    "type" : "User",
    "site_admin" : false
  },
  "parents" : [ {
    "sha" : "7dc0f4411e1e27e91ea3267d3048df8b6ac19614",
    "url" : "https://api.github.com/repos/Aaryan-Thakur/Apex-Pros/commits/7dc0f4411e1e27e91ea3267d3048df8b6ac19614",
    "html_url" : "https://github.com/Aaryan-Thakur/Apex-Pros/commit/7dc0f4411e1e27e91ea3267d3048df8b6ac19614"
  } ]
}, {
  "sha" : "7dc0f4411e1e27e91ea3267d3048df8b6ac19614",
  "node_id" : "C_kwDOGy8rXdoAKDdkYzBmNDQxMWUxZTI3ZTkxZWEzMjY3ZDMwNDhkZjhiNmFjMTk2MTQ",
  "commit" : {
    "author" : {
      "name" : "unknown",
      "email" : "aaryan3120@gmail.com",
      "date" : "2022-02-06T07:32:37Z"
    },
    "committer" : {
      "name" : "unknown",
      "email" : "aaryan3120@gmail.com",
      "date" : "2022-02-06T07:32:37Z"
    },
    "message" : "test commit",
    "tree" : {
      "sha" : "b831b920bc2b39abfa5d8bd91a215537ba9d49aa",
      "url" : "https://api.github.com/repos/Aaryan-Thakur/Apex-Pros/git/trees/b831b920bc2b39abfa5d8bd91a215537ba9d49aa"
    },
    "url" : "https://api.github.com/repos/Aaryan-Thakur/Apex-Pros/git/commits/7dc0f4411e1e27e91ea3267d3048df8b6ac19614",
    "comment_count" : 0,
    "verification" : {
      "verified" : false,
      "reason" : "unsigned",
      "signature" : null,
      "payload" : null
    }
  },
  "url" : "https://api.github.com/repos/Aaryan-Thakur/Apex-Pros/commits/7dc0f4411e1e27e91ea3267d3048df8b6ac19614",
  "html_url" : "https://github.com/Aaryan-Thakur/Apex-Pros/commit/7dc0f4411e1e27e91ea3267d3048df8b6ac19614",
  "comments_url" : "https://api.github.com/repos/Aaryan-Thakur/Apex-Pros/commits/7dc0f4411e1e27e91ea3267d3048df8b6ac19614/comments",
  "author" : {
    "login" : "Aaryan-Thakur",
    "id" : 49814390,
    "node_id" : "MDQ6VXNlcjQ5ODE0Mzkw",
    "avatar_url" : "https://avatars.githubusercontent.com/u/49814390?v=4",
    "gravatar_id" : "",
    "url" : "https://api.github.com/users/Aaryan-Thakur",
    "html_url" : "https://github.com/Aaryan-Thakur",
    "followers_url" : "https://api.github.com/users/Aaryan-Thakur/followers",
    "following_url" : "https://api.github.com/users/Aaryan-Thakur/following{/other_user}",
    "gists_url" : "https://api.github.com/users/Aaryan-Thakur/gists{/gist_id}",
    "starred_url" : "https://api.github.com/users/Aaryan-Thakur/starred{/owner}{/repo}",
    "subscriptions_url" : "https://api.github.com/users/Aaryan-Thakur/subscriptions",
    "organizations_url" : "https://api.github.com/users/Aaryan-Thakur/orgs",
    "repos_url" : "https://api.github.com/users/Aaryan-Thakur/repos",
    "events_url" : "https://api.github.com/users/Aaryan-Thakur/events{/privacy}",
    "received_events_url" : "https://api.github.com/users/Aaryan-Thakur/received_events",
    "type" : "User",
    "site_admin" : false
  },
  "committer" : {
    "login" : "Aaryan-Thakur",
    "id" : 49814390,
    "node_id" : "MDQ6VXNlcjQ5ODE0Mzkw",
    "avatar_url" : "https://avatars.githubusercontent.com/u/49814390?v=4",
    "gravatar_id" : "",
    "url" : "https://api.github.com/users/Aaryan-Thakur",
    "html_url" : "https://github.com/Aaryan-Thakur",
    "followers_url" : "https://api.github.com/users/Aaryan-Thakur/followers",
    "following_url" : "https://api.github.com/users/Aaryan-Thakur/following{/other_user}",
    "gists_url" : "https://api.github.com/users/Aaryan-Thakur/gists{/gist_id}",
    "starred_url" : "https://api.github.com/users/Aaryan-Thakur/starred{/owner}{/repo}",
    "subscriptions_url" : "https://api.github.com/users/Aaryan-Thakur/subscriptions",
    "organizations_url" : "https://api.github.com/users/Aaryan-Thakur/orgs",
    "repos_url" : "https://api.github.com/users/Aaryan-Thakur/repos",
    "events_url" : "https://api.github.com/users/Aaryan-Thakur/events{/privacy}",
    "received_events_url" : "https://api.github.com/users/Aaryan-Thakur/received_events",
    "type" : "User",
    "site_admin" : false
  },
  "parents" : [ {
    "sha" : "c6cf83e3761599a58e6b8e765c05021cb61e7837",
    "url" : "https://api.github.com/repos/Aaryan-Thakur/Apex-Pros/commits/c6cf83e3761599a58e6b8e765c05021cb61e7837",
    "html_url" : "https://github.com/Aaryan-Thakur/Apex-Pros/commit/c6cf83e3761599a58e6b8e765c05021cb61e7837"
  } ]
}, {
  "sha" : "c6cf83e3761599a58e6b8e765c05021cb61e7837",
  "node_id" : "C_kwDOGy8rXdoAKGM2Y2Y4M2UzNzYxNTk5YTU4ZTZiOGU3NjVjMDUwMjFjYjYxZTc4Mzc",
  "commit" : {
    "author" : {
      "name" : "Aaryan Thakur",
      "email" : "49814390+Aaryan-Thakur@users.noreply.github.com",
      "date" : "2022-02-06T06:43:04Z"
    },
    "committer" : {
      "name" : "GitHub",
      "email" : "noreply@github.com",
      "date" : "2022-02-06T06:43:04Z"
    },
    "message" : "Create README.md",
    "tree" : {
      "sha" : "4369b7b609e42f40e37a59f16f71106e1deca777",
      "url" : "https://api.github.com/repos/Aaryan-Thakur/Apex-Pros/git/trees/4369b7b609e42f40e37a59f16f71106e1deca777"
    },
    "url" : "https://api.github.com/repos/Aaryan-Thakur/Apex-Pros/git/commits/c6cf83e3761599a58e6b8e765c05021cb61e7837",
    "comment_count" : 0,
    "verification" : {
      "verified" : true,
      "reason" : "valid",
      "signature" : "-----BEGIN PGP SIGNATURE-----\n\nwsBcBAABCAAQBQJh/234CRBK7hj4Ov3rIwAAEYoIAExDd2ad+ME+sp6yAI3MWKpk\nn2KxKq6+gp9luIKqzJMZvnKEFMiX4ML8CYe6by2KVnwKBZ4n+WBsYJLfMA7O6+e6\njGUYAxb7AsvthoFQVU+qpUXSfbY+D/BPyAT9qU+T2VWc/Ys6IBuNLnlwV2JJwX9Z\njFYUyotXAa4fDRtoGDxXYoh0VThS4avqTXJff1CLhJHyGFlAHqJvQ8an1gq+15bF\nqxBxIyY9doyQBqRZ0wvbvf+1pnrvVBTSGL7fqDk/YEYq7cMUhr3Th7sSNPSf7PB6\nllhrRPs9jsKeR8s/jFzeNxsgc458YvZ1d8s1m0RNSSMMfZAQjALbiX2PemW3OdQ=\n=EsHW\n-----END PGP SIGNATURE-----\n",
      "payload" : "tree 4369b7b609e42f40e37a59f16f71106e1deca777\nauthor Aaryan Thakur <49814390+Aaryan-Thakur@users.noreply.github.com> 1644129784 +0530\ncommitter GitHub <noreply@github.com> 1644129784 +0530\n\nCreate README.md"
    }
  },
  "url" : "https://api.github.com/repos/Aaryan-Thakur/Apex-Pros/commits/c6cf83e3761599a58e6b8e765c05021cb61e7837",
  "html_url" : "https://github.com/Aaryan-Thakur/Apex-Pros/commit/c6cf83e3761599a58e6b8e765c05021cb61e7837",
  "comments_url" : "https://api.github.com/repos/Aaryan-Thakur/Apex-Pros/commits/c6cf83e3761599a58e6b8e765c05021cb61e7837/comments",
  "author" : {
    "login" : "Aaryan-Thakur",
    "id" : 49814390,
    "node_id" : "MDQ6VXNlcjQ5ODE0Mzkw",
    "avatar_url" : "https://avatars.githubusercontent.com/u/49814390?v=4",
    "gravatar_id" : "",
    "url" : "https://api.github.com/users/Aaryan-Thakur",
    "html_url" : "https://github.com/Aaryan-Thakur",
    "followers_url" : "https://api.github.com/users/Aaryan-Thakur/followers",
    "following_url" : "https://api.github.com/users/Aaryan-Thakur/following{/other_user}",
    "gists_url" : "https://api.github.com/users/Aaryan-Thakur/gists{/gist_id}",
    "starred_url" : "https://api.github.com/users/Aaryan-Thakur/starred{/owner}{/repo}",
    "subscriptions_url" : "https://api.github.com/users/Aaryan-Thakur/subscriptions",
    "organizations_url" : "https://api.github.com/users/Aaryan-Thakur/orgs",
    "repos_url" : "https://api.github.com/users/Aaryan-Thakur/repos",
    "events_url" : "https://api.github.com/users/Aaryan-Thakur/events{/privacy}",
    "received_events_url" : "https://api.github.com/users/Aaryan-Thakur/received_events",
    "type" : "User",
    "site_admin" : false
  },
  "committer" : {
    "login" : "web-flow",
    "id" : 19864447,
    "node_id" : "MDQ6VXNlcjE5ODY0NDQ3",
    "avatar_url" : "https://avatars.githubusercontent.com/u/19864447?v=4",
    "gravatar_id" : "",
    "url" : "https://api.github.com/users/web-flow",
    "html_url" : "https://github.com/web-flow",
    "followers_url" : "https://api.github.com/users/web-flow/followers",
    "following_url" : "https://api.github.com/users/web-flow/following{/other_user}",
    "gists_url" : "https://api.github.com/users/web-flow/gists{/gist_id}",
    "starred_url" : "https://api.github.com/users/web-flow/starred{/owner}{/repo}",
    "subscriptions_url" : "https://api.github.com/users/web-flow/subscriptions",
    "organizations_url" : "https://api.github.com/users/web-flow/orgs",
    "repos_url" : "https://api.github.com/users/web-flow/repos",
    "events_url" : "https://api.github.com/users/web-flow/events{/privacy}",
    "received_events_url" : "https://api.github.com/users/web-flow/received_events",
    "type" : "User",
    "site_admin" : false
  },
  "parents" : [ ]
} ]
